[debug] [2024-12-20T10:47:25.685Z] ----------------------------------------------------------------------
[debug] [2024-12-20T10:47:25.688Z] Command:       /home/trioadhi/.nvm/versions/node/v22.9.0/bin/node /home/trioadhi/.local/share/pnpm/global/5/node_modules/firebase-tools/lib/bin/firebase.js init
[debug] [2024-12-20T10:47:25.688Z] CLI Version:   13.29.1
[debug] [2024-12-20T10:47:25.689Z] Platform:      linux
[debug] [2024-12-20T10:47:25.689Z] Node Version:  v22.9.0
[debug] [2024-12-20T10:47:25.689Z] Time:          Fri Dec 20 2024 17:47:25 GMT+0700 (Indochina Time)
[debug] [2024-12-20T10:47:25.689Z] ----------------------------------------------------------------------
[debug] 
[debug] [2024-12-20T10:47:25.697Z] > command requires scopes: ["email","openid","https://www.googleapis.com/auth/cloudplatformprojects.readonly","https://www.googleapis.com/auth/firebase","https://www.googleapis.com/auth/cloud-platform"]
[debug] [2024-12-20T10:47:25.698Z] > authorizing via signed-in user (trioadhipamungkas04@gmail.com)
[info] 
     ######## #### ########  ######## ########     ###     ######  ########
     ##        ##  ##     ## ##       ##     ##  ##   ##  ##       ##
     ######    ##  ########  ######   ########  #########  ######  ######
     ##        ##  ##    ##  ##       ##     ## ##     ##       ## ##
     ##       #### ##     ## ######## ########  ##     ##  ######  ########

You're about to initialize a Firebase project in this directory:

  /home/trioadhi/stupen/FinalProject-ArtificialIntelligencemenggunakanGolang/afd/final-project-golang-ai-v5

[info] 
=== Project Setup
[info] 
[info] First, let's associate this project directory with a Firebase project.
[info] You can create multiple project aliases by running firebase use --add, 
[info] but for now we'll just set up a default project.
[info] 
[info] i  If you want to create a project in a Google Cloud organization or folder, please use "firebase projects:create" instead, and return to this command when you've created the project. 
[debug] [2024-12-20T10:47:45.239Z] Checked if tokens are valid: true, expires at: 1734694833619
[debug] [2024-12-20T10:47:45.239Z] Checked if tokens are valid: true, expires at: 1734694833619
[debug] [2024-12-20T10:47:45.241Z] >>> [apiv2][query] POST https://cloudresourcemanager.googleapis.com/v1/projects [none]
[debug] [2024-12-20T10:47:45.241Z] >>> [apiv2][body] POST https://cloudresourcemanager.googleapis.com/v1/projects {"projectId":"tapsai","name":"tapsai"}
[debug] [2024-12-20T10:47:47.152Z] <<< [apiv2][status] POST https://cloudresourcemanager.googleapis.com/v1/projects 200
[debug] [2024-12-20T10:47:47.152Z] <<< [apiv2][body] POST https://cloudresourcemanager.googleapis.com/v1/projects {"name":"operations/cp.5353572577215246085"}
[debug] [2024-12-20T10:47:47.153Z] Checked if tokens are valid: true, expires at: 1734694833619
[debug] [2024-12-20T10:47:47.153Z] Checked if tokens are valid: true, expires at: 1734694833619
[debug] [2024-12-20T10:47:47.153Z] >>> [apiv2][query] GET https://cloudresourcemanager.googleapis.com/v1/operations/cp.5353572577215246085 [none]
[debug] [2024-12-20T10:47:48.330Z] <<< [apiv2][status] GET https://cloudresourcemanager.googleapis.com/v1/operations/cp.5353572577215246085 200
[debug] [2024-12-20T10:47:48.330Z] <<< [apiv2][body] GET https://cloudresourcemanager.googleapis.com/v1/operations/cp.5353572577215246085 {"name":"operations/cp.5353572577215246085"}
[debug] [2024-12-20T10:47:48.831Z] [Project Creation Poller] Retrying task index 0
[debug] [2024-12-20T10:47:48.832Z] Checked if tokens are valid: true, expires at: 1734694833619
[debug] [2024-12-20T10:47:48.832Z] Checked if tokens are valid: true, expires at: 1734694833619
[debug] [2024-12-20T10:47:48.832Z] >>> [apiv2][query] GET https://cloudresourcemanager.googleapis.com/v1/operations/cp.5353572577215246085 [none]
[debug] [2024-12-20T10:47:49.315Z] <<< [apiv2][status] GET https://cloudresourcemanager.googleapis.com/v1/operations/cp.5353572577215246085 200
[debug] [2024-12-20T10:47:49.316Z] <<< [apiv2][body] GET https://cloudresourcemanager.googleapis.com/v1/operations/cp.5353572577215246085 {"name":"operations/cp.5353572577215246085","metadata":{"@type":"type.googleapis.com/google.cloudresourcemanager.v1.ProjectCreationStatus","gettable":true}}
[debug] [2024-12-20T10:47:50.316Z] [Project Creation Poller] Retrying task index 0
[debug] [2024-12-20T10:47:50.316Z] Checked if tokens are valid: true, expires at: 1734694833619
[debug] [2024-12-20T10:47:50.316Z] Checked if tokens are valid: true, expires at: 1734694833619
[debug] [2024-12-20T10:47:50.317Z] >>> [apiv2][query] GET https://cloudresourcemanager.googleapis.com/v1/operations/cp.5353572577215246085 [none]
[debug] [2024-12-20T10:47:50.789Z] <<< [apiv2][status] GET https://cloudresourcemanager.googleapis.com/v1/operations/cp.5353572577215246085 200
[debug] [2024-12-20T10:47:50.790Z] <<< [apiv2][body] GET https://cloudresourcemanager.googleapis.com/v1/operations/cp.5353572577215246085 {"name":"operations/cp.5353572577215246085","metadata":{"@type":"type.googleapis.com/google.cloudresourcemanager.v1.ProjectCreationStatus","gettable":true,"ready":true},"done":true,"response":{"@type":"type.googleapis.com/google.cloudresourcemanager.v1.Project","projectNumber":"952948462930","projectId":"tapsai","lifecycleState":"ACTIVE","name":"tapsai","createTime":"2024-12-20T10:47:49.363508Z"}}
[debug] [2024-12-20T10:47:50.791Z] Checked if tokens are valid: true, expires at: 1734694833619
[debug] [2024-12-20T10:47:50.791Z] Checked if tokens are valid: true, expires at: 1734694833619
[debug] [2024-12-20T10:47:50.791Z] >>> [apiv2][query] POST https://firebase.googleapis.com/v1beta1/projects/tapsai:addFirebase [none]
[debug] [2024-12-20T10:47:54.053Z] <<< [apiv2][status] POST https://firebase.googleapis.com/v1beta1/projects/tapsai:addFirebase 200
[debug] [2024-12-20T10:47:54.053Z] <<< [apiv2][body] POST https://firebase.googleapis.com/v1beta1/projects/tapsai:addFirebase {"name":"operations/workflows/ZTIxNWJjMWMtODhjYy00OGJkLWE2YjYtOWU4Njg1M2RlN2Rh"}
[debug] [2024-12-20T10:47:54.054Z] Checked if tokens are valid: true, expires at: 1734694833619
[debug] [2024-12-20T10:47:54.054Z] Checked if tokens are valid: true, expires at: 1734694833619
[debug] [2024-12-20T10:47:54.054Z] >>> [apiv2][query] GET https://firebase.googleapis.com/v1beta1/operations/workflows/ZTIxNWJjMWMtODhjYy00OGJkLWE2YjYtOWU4Njg1M2RlN2Rh [none]
[debug] [2024-12-20T10:47:55.044Z] <<< [apiv2][status] GET https://firebase.googleapis.com/v1beta1/operations/workflows/ZTIxNWJjMWMtODhjYy00OGJkLWE2YjYtOWU4Njg1M2RlN2Rh 200
[debug] [2024-12-20T10:47:55.044Z] <<< [apiv2][body] GET https://firebase.googleapis.com/v1beta1/operations/workflows/ZTIxNWJjMWMtODhjYy00OGJkLWE2YjYtOWU4Njg1M2RlN2Rh {"name":"operations/workflows/ZTIxNWJjMWMtODhjYy00OGJkLWE2YjYtOWU4Njg1M2RlN2Rh"}
[debug] [2024-12-20T10:47:55.545Z] [Add Firebase Poller] Retrying task index 0
[debug] [2024-12-20T10:47:55.545Z] Checked if tokens are valid: true, expires at: 1734694833619
[debug] [2024-12-20T10:47:55.545Z] Checked if tokens are valid: true, expires at: 1734694833619
[debug] [2024-12-20T10:47:55.545Z] >>> [apiv2][query] GET https://firebase.googleapis.com/v1beta1/operations/workflows/ZTIxNWJjMWMtODhjYy00OGJkLWE2YjYtOWU4Njg1M2RlN2Rh [none]
[debug] [2024-12-20T10:47:56.468Z] <<< [apiv2][status] GET https://firebase.googleapis.com/v1beta1/operations/workflows/ZTIxNWJjMWMtODhjYy00OGJkLWE2YjYtOWU4Njg1M2RlN2Rh 200
[debug] [2024-12-20T10:47:56.468Z] <<< [apiv2][body] GET https://firebase.googleapis.com/v1beta1/operations/workflows/ZTIxNWJjMWMtODhjYy00OGJkLWE2YjYtOWU4Njg1M2RlN2Rh {"name":"operations/workflows/ZTIxNWJjMWMtODhjYy00OGJkLWE2YjYtOWU4Njg1M2RlN2Rh"}
[debug] [2024-12-20T10:47:57.469Z] [Add Firebase Poller] Retrying task index 0
[debug] [2024-12-20T10:47:57.469Z] Checked if tokens are valid: true, expires at: 1734694833619
[debug] [2024-12-20T10:47:57.469Z] Checked if tokens are valid: true, expires at: 1734694833619
[debug] [2024-12-20T10:47:57.470Z] >>> [apiv2][query] GET https://firebase.googleapis.com/v1beta1/operations/workflows/ZTIxNWJjMWMtODhjYy00OGJkLWE2YjYtOWU4Njg1M2RlN2Rh [none]
[debug] [2024-12-20T10:47:58.370Z] <<< [apiv2][status] GET https://firebase.googleapis.com/v1beta1/operations/workflows/ZTIxNWJjMWMtODhjYy00OGJkLWE2YjYtOWU4Njg1M2RlN2Rh 200
[debug] [2024-12-20T10:47:58.371Z] <<< [apiv2][body] GET https://firebase.googleapis.com/v1beta1/operations/workflows/ZTIxNWJjMWMtODhjYy00OGJkLWE2YjYtOWU4Njg1M2RlN2Rh {"name":"operations/workflows/ZTIxNWJjMWMtODhjYy00OGJkLWE2YjYtOWU4Njg1M2RlN2Rh"}
[debug] [2024-12-20T10:48:00.371Z] [Add Firebase Poller] Retrying task index 0
[debug] [2024-12-20T10:48:00.372Z] Checked if tokens are valid: true, expires at: 1734694833619
[debug] [2024-12-20T10:48:00.372Z] Checked if tokens are valid: true, expires at: 1734694833619
[debug] [2024-12-20T10:48:00.372Z] >>> [apiv2][query] GET https://firebase.googleapis.com/v1beta1/operations/workflows/ZTIxNWJjMWMtODhjYy00OGJkLWE2YjYtOWU4Njg1M2RlN2Rh [none]
[debug] [2024-12-20T10:48:00.982Z] <<< [apiv2][status] GET https://firebase.googleapis.com/v1beta1/operations/workflows/ZTIxNWJjMWMtODhjYy00OGJkLWE2YjYtOWU4Njg1M2RlN2Rh 200
[debug] [2024-12-20T10:48:00.982Z] <<< [apiv2][body] GET https://firebase.googleapis.com/v1beta1/operations/workflows/ZTIxNWJjMWMtODhjYy00OGJkLWE2YjYtOWU4Njg1M2RlN2Rh {"name":"operations/workflows/ZTIxNWJjMWMtODhjYy00OGJkLWE2YjYtOWU4Njg1M2RlN2Rh","done":true,"response":{"@type":"type.googleapis.com/google.firebase.service.v1beta1.FirebaseProject","projectId":"tapsai","projectNumber":"952948462930","displayName":"tapsai","name":"projects/tapsai","resources":{"hostingSite":"tapsai"}}}
[info] 
[info] 🎉🎉🎉 Your Firebase project is ready! 🎉🎉🎉
[info] 
[info] Project information:
[info]    - Project ID: tapsai
[info]    - Project Name: tapsai
[info] 
[info] Firebase console is available at
[info] https://console.firebase.google.com/project/tapsai/overview
[info] i  Using project tapsai (tapsai) 
[info] 
=== Hosting Setup
[debug] [2024-12-20T10:48:01.037Z] Checked if tokens are valid: true, expires at: 1734694833619
[debug] [2024-12-20T10:48:01.037Z] Checked if tokens are valid: true, expires at: 1734694833619
[debug] [2024-12-20T10:48:01.037Z] >>> [apiv2][query] GET https://firebase.googleapis.com/v1beta1/projects/tapsai [none]
[debug] [2024-12-20T10:48:01.960Z] <<< [apiv2][status] GET https://firebase.googleapis.com/v1beta1/projects/tapsai 200
[debug] [2024-12-20T10:48:01.960Z] <<< [apiv2][body] GET https://firebase.googleapis.com/v1beta1/projects/tapsai {"projectId":"tapsai","projectNumber":"952948462930","displayName":"tapsai","name":"projects/tapsai","resources":{"hostingSite":"tapsai"},"state":"ACTIVE","etag":"1_a9bc3a3e-9e76-4d1e-87ae-5d3d62dae6e7"}
[info] 
[info] Your public directory is the folder (relative to your project directory) that
[info] will contain Hosting assets to be uploaded with firebase deploy. If you
[info] have a build process for your assets, use your build's output directory.
[info] 
[debug] [2024-12-20T10:53:36.711Z] >>> [apiv2][query] GET https://www.gstatic.com/firebasejs/releases.json [none]
[debug] [2024-12-20T10:53:36.844Z] <<< [apiv2][status] GET https://www.gstatic.com/firebasejs/releases.json 200
[debug] [2024-12-20T10:53:36.844Z] <<< [apiv2][body] GET https://www.gstatic.com/firebasejs/releases.json {"current":{"version":"11.1.0","browserURL":"https://www.gstatic.com/firebasejs/11.1.0/firebase.js","packageURL":"https://www.gstatic.com/firebasejs/11.1.0/firebase.tgz"},"live":{"version":"11.1","browserURL":"https://www.gstatic.com/firebasejs/live/11.1/firebase.js","packageURL":"https://www.gstatic.com/firebasejs/live/11.1/firebase.tgz"},"components":{"analytics":"https://www.gstatic.com/firebasejs/11.1.0/firebase-analytics.js","app":"https://www.gstatic.com/firebasejs/11.1.0/firebase-app.js","app-check":"https://www.gstatic.com/firebasejs/11.1.0/firebase-app-check.js","auth":"https://www.gstatic.com/firebasejs/11.1.0/firebase-auth.js","auth/cordova":"https://www.gstatic.com/firebasejs/11.1.0/firebase-auth/cordova.js","auth/web-extension":"https://www.gstatic.com/firebasejs/11.1.0/firebase-auth/web-extension.js","functions":"https://www.gstatic.com/firebasejs/11.1.0/firebase-functions.js","firestore":"https://www.gstatic.com/firebasejs/11.1.0/firebase-firestore.js","firestore/lite":"https://www.gstatic.com/firebasejs/11.1.0/firebase-firestore/lite.js","installations":"https://www.gstatic.com/firebasejs/11.1.0/firebase-installations.js","storage":"https://www.gstatic.com/firebasejs/11.1.0/firebase-storage.js","performance":"https://www.gstatic.com/firebasejs/11.1.0/firebase-performance.js","remote-config":"https://www.gstatic.com/firebasejs/11.1.0/firebase-remote-config.js","messaging":"https://www.gstatic.com/firebasejs/11.1.0/firebase-messaging.js","messaging/sw":"https://www.gstatic.com/firebasejs/11.1.0/firebase-messaging/sw.js","database":"https://www.gstatic.com/firebasejs/11.1.0/firebase-database.js","vertexai":"https://www.gstatic.com/firebasejs/11.1.0/firebase-vertexai.js","data-connect":"https://www.gstatic.com/firebasejs/11.1.0/firebase-data-connect.js","firestore.memory":"https://www.gstatic.com/firebasejs/11.1.0/firebase-firestore.memory.js"}}
[info] ✔  Wrote public/index.html 
[info] 
[info] i  Detected a .git folder at /home/trioadhi/stupen/FinalProject-ArtificialIntelligencemenggunakanGolang/afd/final-project-golang-ai-v5 
[info] i  Authorizing with GitHub to upload your service account to a GitHub repository's secrets store. 
[info] 
[info] Visit this URL on this device to log in:
[info] https://github.com/login/oauth/authorize?client_id=89cf50f02ac6aaed3484&state=1031766116&redirect_uri=http%3A%2F%2Flocalhost%3A9005&scope=read%3Auser%20repo%20public_repo
[info] 
[info] Waiting for authentication...
[debug] [2024-12-20T10:58:42.439Z] >>> [apiv2][query] POST https://github.com/login/oauth/access_token [none]
[debug] [2024-12-20T10:58:42.443Z] >>> [apiv2][body] POST https://github.com/login/oauth/access_token [stream]
[debug] [2024-12-20T10:58:42.886Z] <<< [apiv2][status] POST https://github.com/login/oauth/access_token 200
[debug] [2024-12-20T10:58:42.886Z] <<< [apiv2][body] POST https://github.com/login/oauth/access_token {"access_token":"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","token_type":"bearer","scope":"read:user,repo"}
[debug] [2024-12-20T10:58:42.913Z] >>> [apiv2][query] GET https://api.github.com/user [none]
[debug] [2024-12-20T10:58:43.355Z] <<< [apiv2][status] GET https://api.github.com/user 200
[debug] [2024-12-20T10:58:43.355Z] <<< [apiv2][body] GET https://api.github.com/user {"login":"taps555","id":157947919,"node_id":"U_kgDOCWoYDw","avatar_url":"https://avatars.githubusercontent.com/u/157947919?v=4","gravatar_id":"","url":"https://api.github.com/users/taps555","html_url":"https://github.com/taps555","followers_url":"https://api.github.com/users/taps555/followers","following_url":"https://api.github.com/users/taps555/following{/other_user}","gists_url":"https://api.github.com/users/taps555/gists{/gist_id}","starred_url":"https://api.github.com/users/taps555/starred{/owner}{/repo}","subscriptions_url":"https://api.github.com/users/taps555/subscriptions","organizations_url":"https://api.github.com/users/taps555/orgs","repos_url":"https://api.github.com/users/taps555/repos","events_url":"https://api.github.com/users/taps555/events{/privacy}","received_events_url":"https://api.github.com/users/taps555/received_events","type":"User","user_view_type":"private","site_admin":false,"name":"Trio Adhi Pamungka S","company":null,"blog":"","location":null,"email":null,"hireable":null,"bio":null,"twitter_username":null,"notification_email":null,"public_repos":12,"public_gists":0,"followers":0,"following":0,"created_at":"2024-01-28T07:38:53Z","updated_at":"2024-12-20T10:58:02Z","private_gists":0,"total_private_repos":0,"owned_private_repos":0,"disk_usage":8870,"collaborators":0,"two_factor_authentication":false,"plan":{"name":"free","space":976562499,"collaborators":0,"private_repos":10000}}
[info] 
[info] ✔  Success! Logged into GitHub as taps555 
[info] 
